# JRE version: Java(TM) SE Runtime Environment (8.0_73-b02) (build 1.8.0_73-b02)
# Java VM: Java HotSpot(TM) 64-Bit Server VM (25.73-b02 mixed mode windows-amd64 compressed oops)
Heap:
 PSYoungGen      total 77312K, used 51340K [0x00000000d5d80000, 0x00000000dd100000, 0x0000000100000000)
  eden space 66048K, 60% used [0x00000000d5d80000,0x00000000d84a7a58,0x00000000d9e00000)
  from space 11264K, 99% used [0x00000000d9e00000,0x00000000da8fb8a0,0x00000000da900000)
  to   space 14336K, 0% used [0x00000000dc300000,0x00000000dc300000,0x00000000dd100000)
 ParOldGen       total 65024K, used 22902K [0x0000000081800000, 0x0000000085780000, 0x00000000d5d80000)
  object space 65024K, 35% used [0x0000000081800000,0x0000000082e5d8e0,0x0000000085780000)
 Metaspace       used 24918K, capacity 25466K, committed 25648K, reserved 1071104K
  class space    used 2876K, capacity 3032K, committed 3120K, reserved 1048576K
GC Heap History (10 events):
Event: 11.644 GC heap before
{Heap before GC invocations=8 (full 0):
 PSYoungGen      total 39936K, used 15177K [0x00000000d5d80000, 0x00000000d9b80000, 0x0000000100000000)
  eden space 31744K, 23% used [0x00000000d5d80000,0x00000000d64a84a8,0x00000000d7c80000)
  from space 8192K, 95% used [0x00000000d9080000,0x00000000d982a268,0x00000000d9880000)
  to   space 3072K, 0% used [0x00000000d9880000,0x00000000d9880000,0x00000000d9b80000)
 ParOldGen       total 87552K, used 12955K [0x0000000081800000, 0x0000000086d80000, 0x00000000d5d80000)
  object space 87552K, 14% used [0x0000000081800000,0x00000000824a6e60,0x0000000086d80000)
 Metaspace       used 20691K, capacity 21200K, committed 21296K, reserved 1069056K
  class space    used 2415K, capacity 2592K, committed 2608K, reserved 1048576K
Event: 11.661 GC heap after
Heap after GC invocations=8 (full 0):
 PSYoungGen      total 54272K, used 3072K [0x00000000d5d80000, 0x00000000dad80000, 0x0000000100000000)
  eden space 51200K, 0% used [0x00000000d5d80000,0x00000000d5d80000,0x00000000d8f80000)
  from space 3072K, 100% used [0x00000000d9880000,0x00000000d9b80000,0x00000000d9b80000)
  to   space 9216K, 0% used [0x00000000d8f80000,0x00000000d8f80000,0x00000000d9880000)
 ParOldGen       total 87552K, used 16804K [0x0000000081800000, 0x0000000086d80000, 0x00000000d5d80000)
  object space 87552K, 19% used [0x0000000081800000,0x0000000082869050,0x0000000086d80000)
 Metaspace       used 20691K, capacity 21200K, committed 21296K, reserved 1069056K
  class space    used 2415K, capacity 2592K, committed 2608K, reserved 1048576K
}
Event: 11.661 GC heap before
{Heap before GC invocations=9 (full 1):
 PSYoungGen      total 54272K, used 3072K [0x00000000d5d80000, 0x00000000dad80000, 0x0000000100000000)
  eden space 51200K, 0% used [0x00000000d5d80000,0x00000000d5d80000,0x00000000d8f80000)
  from space 3072K, 100% used [0x00000000d9880000,0x00000000d9b80000,0x00000000d9b80000)
  to   space 9216K, 0% used [0x00000000d8f80000,0x00000000d8f80000,0x00000000d9880000)
 ParOldGen       total 87552K, used 16804K [0x0000000081800000, 0x0000000086d80000, 0x00000000d5d80000)
  object space 87552K, 19% used [0x0000000081800000,0x0000000082869050,0x0000000086d80000)
 Metaspace       used 20691K, capacity 21200K, committed 21296K, reserved 1069056K
  class space    used 2415K, capacity 2592K, committed 2608K, reserved 1048576K
Event: 11.805 GC heap after
Heap after GC invocations=9 (full 1):
 PSYoungGen      total 54272K, used 0K [0x00000000d5d80000, 0x00000000dad80000, 0x0000000100000000)
  eden space 51200K, 0% used [0x00000000d5d80000,0x00000000d5d80000,0x00000000d8f80000)
  from space 3072K, 0% used [0x00000000d9880000,0x00000000d9880000,0x00000000d9b80000)
  to   space 9216K, 0% used [0x00000000d8f80000,0x00000000d8f80000,0x00000000d9880000)
 ParOldGen       total 65024K, used 13253K [0x0000000081800000, 0x0000000085780000, 0x00000000d5d80000)
  object space 65024K, 20% used [0x0000000081800000,0x00000000824f1770,0x0000000085780000)
 Metaspace       used 20691K, capacity 21200K, committed 21296K, reserved 1069056K
  class space    used 2415K, capacity 2592K, committed 2608K, reserved 1048576K
}
Event: 14.042 GC heap before
{Heap before GC invocations=10 (full 1):
 PSYoungGen      total 54272K, used 51200K [0x00000000d5d80000, 0x00000000dad80000, 0x0000000100000000)
  eden space 51200K, 100% used [0x00000000d5d80000,0x00000000d8f80000,0x00000000d8f80000)
  from space 3072K, 0% used [0x00000000d9880000,0x00000000d9880000,0x00000000d9b80000)
  to   space 9216K, 0% used [0x00000000d8f80000,0x00000000d8f80000,0x00000000d9880000)
 ParOldGen       total 65024K, used 13253K [0x0000000081800000, 0x0000000085780000, 0x00000000d5d80000)
  object space 65024K, 20% used [0x0000000081800000,0x00000000824f1770,0x0000000085780000)
 Metaspace       used 24028K, capacity 24596K, committed 24752K, reserved 1071104K
  class space    used 2788K, capacity 2935K, committed 2992K, reserved 1048576K
Event: 14.051 GC heap after
Heap after GC invocations=10 (full 1):
 PSYoungGen      total 60416K, used 8664K [0x00000000d5d80000, 0x00000000db200000, 0x0000000100000000)
  eden space 51200K, 0% used [0x00000000d5d80000,0x00000000d5d80000,0x00000000d8f80000)
  from space 9216K, 94% used [0x00000000d8f80000,0x00000000d97f60f8,0x00000000d9880000)
  to   space 9216K, 0% used [0x00000000da900000,0x00000000da900000,0x00000000db200000)
 ParOldGen       total 65024K, used 13325K [0x0000000081800000, 0x0000000085780000, 0x00000000d5d80000)
  object space 65024K, 20% used [0x0000000081800000,0x0000000082503780,0x0000000085780000)
 Metaspace       used 24028K, capacity 24596K, committed 24752K, reserved 1071104K
  class space    used 2788K, capacity 2935K, committed 2992K, reserved 1048576K
}
Event: 14.417 GC heap before
{Heap before GC invocations=11 (full 1):
 PSYoungGen      total 60416K, used 59864K [0x00000000d5d80000, 0x00000000db200000, 0x0000000100000000)
  eden space 51200K, 100% used [0x00000000d5d80000,0x00000000d8f80000,0x00000000d8f80000)
  from space 9216K, 94% used [0x00000000d8f80000,0x00000000d97f60f8,0x00000000d9880000)
  to   space 9216K, 0% used [0x00000000da900000,0x00000000da900000,0x00000000db200000)
 ParOldGen       total 65024K, used 13325K [0x0000000081800000, 0x0000000085780000, 0x00000000d5d80000)
  object space 65024K, 20% used [0x0000000081800000,0x0000000082503780,0x0000000085780000)
 Metaspace       used 24053K, capacity 24596K, committed 24752K, reserved 1071104K
  class space    used 2788K, capacity 2935K, committed 2992K, reserved 1048576K
Event: 14.428 GC heap after
Heap after GC invocations=11 (full 1):
 PSYoungGen      total 75264K, used 9212K [0x00000000d5d80000, 0x00000000db780000, 0x0000000100000000)
  eden space 66048K, 0% used [0x00000000d5d80000,0x00000000d5d80000,0x00000000d9e00000)
  from space 9216K, 99% used [0x00000000da900000,0x00000000db1ff0c8,0x00000000db200000)
  to   space 11264K, 0% used [0x00000000d9e00000,0x00000000d9e00000,0x00000000da900000)
 ParOldGen       total 65024K, used 17296K [0x0000000081800000, 0x0000000085780000, 0x00000000d5d80000)
  object space 65024K, 26% used [0x0000000081800000,0x00000000828e4060,0x0000000085780000)
 Metaspace       used 24053K, capacity 24596K, committed 24752K, reserved 1071104K
  class space    used 2788K, capacity 2935K, committed 2992K, reserved 1048576K
}
Event: 15.554 GC heap before
{Heap before GC invocations=12 (full 1):
 PSYoungGen      total 75264K, used 75260K [0x00000000d5d80000, 0x00000000db780000, 0x0000000100000000)
  eden space 66048K, 100% used [0x00000000d5d80000,0x00000000d9e00000,0x00000000d9e00000)
  from space 9216K, 99% used [0x00000000da900000,0x00000000db1ff0c8,0x00000000db200000)
  to   space 11264K, 0% used [0x00000000d9e00000,0x00000000d9e00000,0x00000000da900000)
 ParOldGen       total 65024K, used 17296K [0x0000000081800000, 0x0000000085780000, 0x00000000d5d80000)
  object space 65024K, 26% used [0x0000000081800000,0x00000000828e4060,0x0000000085780000)
 Metaspace       used 24829K, capacity 25402K, committed 25648K, reserved 1071104K
  class space    used 2864K, capacity 3032K, committed 3120K, reserved 1048576K
Event: 15.569 GC heap after
Heap after GC invocations=12 (full 1):
 PSYoungGen      total 77312K, used 11246K [0x00000000d5d80000, 0x00000000dd100000, 0x0000000100000000)
  eden space 66048K, 0% used [0x00000000d5d80000,0x00000000d5d80000,0x00000000d9e00000)
  from space 11264K, 99% used [0x00000000d9e00000,0x00000000da8fb8a0,0x00000000da900000)
  to   space 14336K, 0% used [0x00000000dc300000,0x00000000dc300000,0x00000000dd100000)
 ParOldGen       total 65024K, used 22902K [0x0000000081800000, 0x0000000085780000, 0x00000000d5d80000)
  object space 65024K, 35% used [0x0000000081800000,0x0000000082e5d8e0,0x0000000085780000)
 Metaspace       used 24829K, capacity 25402K, committed 25648K, reserved 1071104K
  class space    used 2864K, capacity 3032K, committed 3120K, reserved 1048576K
}

